Log file opened on Wed Jun 29 17:43:39 2016
Host: yoshi  pid: 18944  rank ID: 0  number of ranks:  1
        :-) GROMACS - gmx mdrun, VERSION 5.1.3-dev-20160621-9680c97 (-:

                            GROMACS is written by:
     Emile Apol      Rossen Apostolov  Herman J.C. Berendsen    Par Bjelkmar   
 Aldert van Buuren   Rudi van Drunen     Anton Feenstra   Sebastian Fritsch 
  Gerrit Groenhof   Christoph Junghans   Anca Hamuraru    Vincent Hindriksen
 Dimitrios Karkoulis    Peter Kasson        Jiri Kraus      Carsten Kutzner  
    Per Larsson      Justin A. Lemkul   Magnus Lundborg   Pieter Meulenhoff 
   Erik Marklund      Teemu Murtola       Szilard Pall       Sander Pronk   
   Roland Schulz     Alexey Shvetsov     Michael Shirts     Alfons Sijbers  
   Peter Tieleman    Teemu Virolainen  Christian Wennberg    Maarten Wolf   
                           and the project leaders:
        Mark Abraham, Berk Hess, Erik Lindahl, and David van der Spoel

Copyright (c) 1991-2000, University of Groningen, The Netherlands.
Copyright (c) 2001-2015, The GROMACS development team at
Uppsala University, Stockholm University and
the Royal Institute of Technology, Sweden.
check out http://www.gromacs.org for more information.

GROMACS is free software; you can redistribute it and/or modify it
under the terms of the GNU Lesser General Public License
as published by the Free Software Foundation; either version 2.1
of the License, or (at your option) any later version.

GROMACS:      gmx mdrun, VERSION 5.1.3-dev-20160621-9680c97
Executable:   /net/opt/gromacs/single/v5.1.3/bin/gmx
Data prefix:  /net/opt/gromacs/single/v5.1.3
Command line:
  gmx mdrun -deffnm Mini_water

GROMACS version:    VERSION 5.1.3-dev-20160621-9680c97
GIT SHA1 hash:      9680c976dd63a2f8615966b34a2a3d73dba18ffa
Precision:          single
Memory model:       64 bit
MPI library:        thread_mpi
OpenMP support:     enabled (GMX_OPENMP_MAX_THREADS = 32)
GPU support:        disabled
OpenCL support:     disabled
invsqrt routine:    gmx_software_invsqrt(x)
SIMD instructions:  SSE4.1
FFT library:        fftw-3.3.4-sse2
RDTSCP usage:       enabled
C++11 compilation:  enabled
TNG support:        enabled
Tracing support:    disabled
Built on:           Fri Aug 21 10:48:29 CEST 2015
Built by:           aschlaich@ygpu01 [CMAKE]
Build OS/arch:      Linux 3.2.0-4-amd64 x86_64
Build CPU vendor:   GenuineIntel
Build CPU brand:    Intel(R) Xeon(R) CPU           X5570  @ 2.93GHz
Build CPU family:   6   Model: 26   Stepping: 5
Build CPU features: apic clfsh cmov cx8 cx16 htt lahf_lm mmx msr nonstop_tsc pdcm popcnt pse rdtscp sse2 sse3 sse4.1 sse4.2 ssse3
C compiler:         /usr/bin/cc GNU 4.7.2
C compiler flags:    -msse4.1    -Wundef -Wextra -Wno-missing-field-initializers -Wno-sign-compare -Wpointer-arith -Wall -Wno-unused -Wunused-value -Wunused-parameter  -O3 -DNDEBUG -funroll-all-loops -fexcess-precision=fast  -Wno-array-bounds 
C++ compiler:       /usr/bin/c++ GNU 4.7.2
C++ compiler flags:  -msse4.1   -std=c++0x  -Wundef -Wextra -Wno-missing-field-initializers -Wpointer-arith -Wall -Wno-unused-function  -O3 -DNDEBUG -funroll-all-loops -fexcess-precision=fast  -Wno-array-bounds 
Boost version:      1.55.0 (internal)


Running on 1 node with total 8 cores, 16 logical cores
Hardware detected:
  CPU info:
    Vendor: GenuineIntel
    Brand:  Intel(R) Xeon(R) CPU           X5570  @ 2.93GHz
    Family:  6  model: 26  stepping:  5
    CPU features: apic clfsh cmov cx8 cx16 htt lahf_lm mmx msr nonstop_tsc pdcm popcnt pse rdtscp sse2 sse3 sse4.1 sse4.2 ssse3
    SIMD instructions most likely to fit this hardware: SSE4.1
    SIMD instructions selected at GROMACS compile time: SSE4.1


++++ PLEASE READ AND CITE THE FOLLOWING REFERENCE ++++
M. J. Abraham, T. Murtola, R. Schulz, S. Páll, J. C. Smith, B. Hess, E.
Lindahl
GROMACS: High performance molecular simulations through multi-level
parallelism from laptops to supercomputers
SoftwareX 1 (2015) pp. 19-25
-------- -------- --- Thank You --- -------- --------


++++ PLEASE READ AND CITE THE FOLLOWING REFERENCE ++++
S. Páll, M. J. Abraham, C. Kutzner, B. Hess, E. Lindahl
Tackling Exascale Software Challenges in Molecular Dynamics Simulations with
GROMACS
In S. Markidis & E. Laure (Eds.), Solving Software Challenges for Exascale 8759 (2015) pp. 3-27
-------- -------- --- Thank You --- -------- --------


++++ PLEASE READ AND CITE THE FOLLOWING REFERENCE ++++
S. Pronk, S. Páll, R. Schulz, P. Larsson, P. Bjelkmar, R. Apostolov, M. R.
Shirts, J. C. Smith, P. M. Kasson, D. van der Spoel, B. Hess, and E. Lindahl
GROMACS 4.5: a high-throughput and highly parallel open source molecular
simulation toolkit
Bioinformatics 29 (2013) pp. 845-54
-------- -------- --- Thank You --- -------- --------


++++ PLEASE READ AND CITE THE FOLLOWING REFERENCE ++++
B. Hess and C. Kutzner and D. van der Spoel and E. Lindahl
GROMACS 4: Algorithms for highly efficient, load-balanced, and scalable
molecular simulation
J. Chem. Theory Comput. 4 (2008) pp. 435-447
-------- -------- --- Thank You --- -------- --------


++++ PLEASE READ AND CITE THE FOLLOWING REFERENCE ++++
D. van der Spoel, E. Lindahl, B. Hess, G. Groenhof, A. E. Mark and H. J. C.
Berendsen
GROMACS: Fast, Flexible and Free
J. Comp. Chem. 26 (2005) pp. 1701-1719
-------- -------- --- Thank You --- -------- --------


++++ PLEASE READ AND CITE THE FOLLOWING REFERENCE ++++
E. Lindahl and B. Hess and D. van der Spoel
GROMACS 3.0: A package for molecular simulation and trajectory analysis
J. Mol. Mod. 7 (2001) pp. 306-317
-------- -------- --- Thank You --- -------- --------


++++ PLEASE READ AND CITE THE FOLLOWING REFERENCE ++++
H. J. C. Berendsen, D. van der Spoel and R. van Drunen
GROMACS: A message-passing parallel molecular dynamics implementation
Comp. Phys. Comm. 91 (1995) pp. 43-56
-------- -------- --- Thank You --- -------- --------

Input Parameters:
   integrator                     = steep
   tinit                          = 0
   dt                             = 0.002
   nsteps                         = 5000
   init-step                      = 0
   simulation-part                = 1
   comm-mode                      = Linear
   nstcomm                        = 100
   bd-fric                        = 0
   ld-seed                        = 3962286303
   emtol                          = 1000
   emstep                         = 0.01
   niter                          = 20
   fcstep                         = 0
   nstcgsteep                     = 1000
   nbfgscorr                      = 10
   rtpi                           = 0.05
   nstxout                        = 0
   nstvout                        = 0
   nstfout                        = 0
   nstlog                         = 0
   nstcalcenergy                  = 100
   nstenergy                      = 2500000
   nstxout-compressed             = 0
   compressed-x-precision         = 1000
   cutoff-scheme                  = Verlet
   nstlist                        = 10
   ns-type                        = Grid
   pbc                            = xyz
   periodic-molecules             = FALSE
   verlet-buffer-tolerance        = 0.005
   rlist                          = 0.735
   rlistlong                      = 0.735
   nstcalclr                      = 10
   coulombtype                    = PME
   coulomb-modifier               = Potential-shift
   rcoulomb-switch                = 0
   rcoulomb                       = 0.7
   epsilon-r                      = 1
   epsilon-rf                     = inf
   vdw-type                       = Cut-off
   vdw-modifier                   = Potential-shift
   rvdw-switch                    = 0
   rvdw                           = 0.7
   DispCorr                       = No
   table-extension                = 1
   fourierspacing                 = 0.12
   fourier-nx                     = 52
   fourier-ny                     = 44
   fourier-nz                     = 14
   pme-order                      = 4
   ewald-rtol                     = 1e-05
   ewald-rtol-lj                  = 0.001
   lj-pme-comb-rule               = Geometric
   ewald-geometry                 = 0
   epsilon-surface                = 0
   implicit-solvent               = No
   gb-algorithm                   = Still
   nstgbradii                     = 1
   rgbradii                       = 1
   gb-epsilon-solvent             = 80
   gb-saltconc                    = 0
   gb-obc-alpha                   = 1
   gb-obc-beta                    = 0.8
   gb-obc-gamma                   = 4.85
   gb-dielectric-offset           = 0.009
   sa-algorithm                   = Ace-approximation
   sa-surface-tension             = 2.05016
   tcoupl                         = No
   nsttcouple                     = -1
   nh-chain-length                = 0
   print-nose-hoover-chain-variables = FALSE
   pcoupl                         = No
   pcoupltype                     = Isotropic
   nstpcouple                     = -1
   tau-p                          = 1
   compressibility (3x3):
      compressibility[    0]={ 0.00000e+00,  0.00000e+00,  0.00000e+00}
      compressibility[    1]={ 0.00000e+00,  0.00000e+00,  0.00000e+00}
      compressibility[    2]={ 0.00000e+00,  0.00000e+00,  0.00000e+00}
   ref-p (3x3):
      ref-p[    0]={ 0.00000e+00,  0.00000e+00,  0.00000e+00}
      ref-p[    1]={ 0.00000e+00,  0.00000e+00,  0.00000e+00}
      ref-p[    2]={ 0.00000e+00,  0.00000e+00,  0.00000e+00}
   refcoord-scaling               = No
   posres-com (3):
      posres-com[0]= 0.00000e+00
      posres-com[1]= 0.00000e+00
      posres-com[2]= 0.00000e+00
   posres-comB (3):
      posres-comB[0]= 0.00000e+00
      posres-comB[1]= 0.00000e+00
      posres-comB[2]= 0.00000e+00
   QMMM                           = FALSE
   QMconstraints                  = 0
   QMMMscheme                     = 0
   MMChargeScaleFactor            = 1
qm-opts:
   ngQM                           = 0
   constraint-algorithm           = Lincs
   continuation                   = FALSE
   Shake-SOR                      = FALSE
   shake-tol                      = 0.0001
   lincs-order                    = 4
   lincs-iter                     = 1
   lincs-warnangle                = 30
   nwall                          = 0
   wall-type                      = 9-3
   wall-r-linpot                  = -1
   wall-atomtype[0]               = -1
   wall-atomtype[1]               = -1
   wall-density[0]                = 0
   wall-density[1]                = 0
   wall-ewald-zfac                = 3
   pull                           = FALSE
   rotation                       = FALSE
   interactiveMD                  = FALSE
   disre                          = No
   disre-weighting                = Conservative
   disre-mixed                    = FALSE
   dr-fc                          = 1000
   dr-tau                         = 0
   nstdisreout                    = 100
   orire-fc                       = 0
   orire-tau                      = 0
   nstorireout                    = 100
   free-energy                    = no
   cos-acceleration               = 0
   deform (3x3):
      deform[    0]={ 0.00000e+00,  0.00000e+00,  0.00000e+00}
      deform[    1]={ 0.00000e+00,  0.00000e+00,  0.00000e+00}
      deform[    2]={ 0.00000e+00,  0.00000e+00,  0.00000e+00}
   simulated-tempering            = FALSE
   E-x:
      n = 0
   E-xt:
      n = 0
   E-y:
      n = 0
   E-yt:
      n = 0
   E-z:
      n = 0
   E-zt:
      n = 0
   swapcoords                     = no
   adress                         = FALSE
   userint1                       = 0
   userint2                       = 0
   userint3                       = 0
   userint4                       = 0
   userreal1                      = 0
   userreal2                      = 0
   userreal3                      = 0
   userreal4                      = 0
grpopts:
   nrdf:        9189
   ref-t:           0
   tau-t:           0
annealing:          No
annealing-npoints:           0
   acc:	           0           0           0
   nfreeze:           N           N           N
   energygrp-flags[  0]: 0


Initializing Domain Decomposition on 16 ranks
Dynamic load balancing: off
Will sort the charge groups at every domain (re)decomposition
Initial maximum inter charge-group distances:
    two-body bonded interactions: 0.164 nm, Exclusion, atoms 1640 1641
Minimum cell size due to bonded interactions: 0.000 nm
Using 0 separate PME ranks, as there are too few total
 ranks for efficient splitting
Optimizing the DD grid for 16 cells with a minimum initial size of 0.035 nm
The maximum allowed number of cells is: X 171 Y 148 Z 43
Domain decomposition grid 4 x 4 x 1, separate PME ranks 0
PME domain decomposition: 4 x 4 x 1
Domain decomposition rank 0, coordinates 0 0 0

Using 16 MPI threads
Using 1 OpenMP thread per tMPI thread

Will do PME sum in reciprocal space for electrostatic interactions.

++++ PLEASE READ AND CITE THE FOLLOWING REFERENCE ++++
U. Essmann, L. Perera, M. L. Berkowitz, T. Darden, H. Lee and L. G. Pedersen 
A smooth particle mesh Ewald method
J. Chem. Phys. 103 (1995) pp. 8577-8592
-------- -------- --- Thank You --- -------- --------

Will do ordinary reciprocal space Ewald sum.
Using a Gaussian width (1/beta) of 0.224114 nm for Ewald
Cut-off's:   NS: 0.735   Coulomb: 0.7   LJ: 0.7
System total charge: 0.000
Generated table with 867 data points for Ewald.
Tabscale = 500 points/nm
Generated table with 867 data points for LJ6.
Tabscale = 500 points/nm
Generated table with 867 data points for LJ12.
Tabscale = 500 points/nm
Potential shift: LJ r^-12: -7.225e+01 r^-6: -8.500e+00, Ewald -1.000e-05
Initialized non-bonded Ewald correction tables, spacing: 7.81e-04 size: 898


Using SSE4.1 4x4 non-bonded kernels

Using geometric Lennard-Jones combination rule

Removing pbc first time
Pinning threads with an auto-selected logical core stride of 1

++++ PLEASE READ AND CITE THE FOLLOWING REFERENCE ++++
S. Miyamoto and P. A. Kollman
SETTLE: An Analytical Version of the SHAKE and RATTLE Algorithms for Rigid
Water Models
J. Comp. Chem. 13 (1992) pp. 952-962
-------- -------- --- Thank You --- -------- --------


Linking all bonded interactions to atoms

The initial number of communication pulses is: X 1 Y 1
The initial domain decomposition cell size is: X 1.50 nm Y 1.30 nm

The maximum allowed distance for charge groups involved in interactions is:
                 non-bonded interactions           0.735 nm
            two-body bonded interactions  (-rdd)   0.735 nm
          multi-body bonded interactions  (-rdd)   0.735 nm
  atoms separated by up to 5 constraints  (-rcon)  1.299 nm


Making 2D domain decomposition grid 4 x 4 x 1, home cell index 0 0 0

Initiating Steepest Descents
Atom distribution over 16 domains: av 287 stddev 16 min 260 max 310
Started Steepest Descents on rank 0 Wed Jun 29 17:43:39 2016

Steepest Descents:
   Tolerance (Fmax)   =  1.00000e+03
   Number of steps    =         5000
           Step           Time         Lambda
              0        0.00000        0.00000

   Energies (kJ/mol)
        LJ (SR)   Coulomb (SR)   Coul. recip.      Potential Pressure (bar)
    3.30796e+04   -7.33127e+04    5.10984e+03   -3.51232e+04   -1.02055e+03

DD  step 0 load imb.: force  8.0%

           Step           Time         Lambda
              1        1.00000        0.00000

   Energies (kJ/mol)
        LJ (SR)   Coulomb (SR)   Coul. recip.      Potential Pressure (bar)
    2.83385e+04   -7.36125e+04    5.04700e+03   -4.02269e+04   -1.22972e+03

           Step           Time         Lambda
              2        2.00000        0.00000

   Energies (kJ/mol)
        LJ (SR)   Coulomb (SR)   Coul. recip.      Potential Pressure (bar)
    2.31649e+04   -7.42268e+04    4.90044e+03   -4.61614e+04   -1.40003e+03

           Step           Time         Lambda
              3        3.00000        0.00000

   Energies (kJ/mol)
        LJ (SR)   Coulomb (SR)   Coul. recip.      Potential Pressure (bar)
    1.97713e+04   -7.50574e+04    4.66643e+03   -5.06196e+04   -1.50924e+03

           Step           Time         Lambda
              4        4.00000        0.00000

   Energies (kJ/mol)
        LJ (SR)   Coulomb (SR)   Coul. recip.      Potential Pressure (bar)
    1.66067e+04   -7.66697e+04    4.15258e+03   -5.59104e+04   -1.63730e+03

           Step           Time         Lambda
              5        5.00000        0.00000

   Energies (kJ/mol)
        LJ (SR)   Coulomb (SR)   Coul. recip.      Potential Pressure (bar)
    1.47498e+04   -7.89037e+04    3.36731e+03   -6.07866e+04   -1.73406e+03

           Step           Time         Lambda
              6        6.00000        0.00000

   Energies (kJ/mol)
        LJ (SR)   Coulomb (SR)   Coul. recip.      Potential Pressure (bar)
    1.39552e+04   -8.04881e+04    2.88555e+03   -6.36474e+04   -1.82258e+03

           Step           Time         Lambda
              7        7.00000        0.00000

   Energies (kJ/mol)
        LJ (SR)   Coulomb (SR)   Coul. recip.      Potential Pressure (bar)
    1.35250e+04   -8.12458e+04    2.70287e+03   -6.50179e+04   -1.83567e+03

           Step           Time         Lambda
              8        8.00000        0.00000

   Energies (kJ/mol)
        LJ (SR)   Coulomb (SR)   Coul. recip.      Potential Pressure (bar)
    1.31180e+04   -8.25745e+04    2.40987e+03   -6.70467e+04   -1.89181e+03

           Step           Time         Lambda
              9        9.00000        0.00000

   Energies (kJ/mol)
        LJ (SR)   Coulomb (SR)   Coul. recip.      Potential Pressure (bar)
    1.28923e+04   -8.29774e+04    2.33933e+03   -6.77457e+04   -1.89351e+03

           Step           Time         Lambda
             10       10.00000        0.00000

   Energies (kJ/mol)
        LJ (SR)   Coulomb (SR)   Coul. recip.      Potential Pressure (bar)
    1.27762e+04   -8.41355e+04    2.13366e+03   -6.92256e+04   -1.94527e+03

           Step           Time         Lambda
             11       11.00000        0.00000

   Energies (kJ/mol)
        LJ (SR)   Coulomb (SR)   Coul. recip.      Potential Pressure (bar)
    1.27163e+04   -8.46720e+04    2.06052e+03   -6.98951e+04   -1.93524e+03

           Step           Time         Lambda
             12       12.00000        0.00000

   Energies (kJ/mol)
        LJ (SR)   Coulomb (SR)   Coul. recip.      Potential Pressure (bar)
    1.26082e+04   -8.49863e+04    1.98485e+03   -7.03932e+04   -2.03224e+03

           Step           Time         Lambda
             13       13.00000        0.00000

           Step           Time         Lambda
             14       14.00000        0.00000

   Energies (kJ/mol)
        LJ (SR)   Coulomb (SR)   Coul. recip.      Potential Pressure (bar)
    1.26529e+04   -8.52680e+04    1.92482e+03   -7.06903e+04   -1.99915e+03

           Step           Time         Lambda
             15       15.00000        0.00000

   Energies (kJ/mol)
        LJ (SR)   Coulomb (SR)   Coul. recip.      Potential Pressure (bar)
    1.25634e+04   -8.55026e+04    1.89223e+03   -7.10470e+04   -1.98279e+03

           Step           Time         Lambda
             16       16.00000        0.00000

   Energies (kJ/mol)
        LJ (SR)   Coulomb (SR)   Coul. recip.      Potential Pressure (bar)
    1.26531e+04   -8.63440e+04    1.78911e+03   -7.19018e+04   -2.03674e+03

           Step           Time         Lambda
             17       17.00000        0.00000

   Energies (kJ/mol)
        LJ (SR)   Coulomb (SR)   Coul. recip.      Potential Pressure (bar)
    1.26076e+04   -8.66602e+04    1.74848e+03   -7.23042e+04   -2.01974e+03

           Step           Time         Lambda
             18       18.00000        0.00000

           Step           Time         Lambda
             19       19.00000        0.00000

   Energies (kJ/mol)
        LJ (SR)   Coulomb (SR)   Coul. recip.      Potential Pressure (bar)
    1.25976e+04   -8.67912e+04    1.69929e+03   -7.24943e+04   -2.01579e+03


Steepest Descents converged to Fmax < 1000 in 20 steps
Potential Energy  = -7.2494273e+04
Maximum force     =  5.4204138e+02 on atom 7
Norm of force     =  5.7865944e+01

	M E G A - F L O P S   A C C O U N T I N G

 NB=Group-cutoff nonbonded kernels    NxN=N-by-N cluster Verlet kernels
 RF=Reaction-Field  VdW=Van der Waals  QSTab=quadratic-spline table
 W3=SPC/TIP3p  W4=TIP4p (single or pairs)
 V&F=Potential and force  V=Potential only  F=Force only

 Computing:                               M-Number         M-Flops  % Flops
-----------------------------------------------------------------------------
 Pair Search distance check              16.991134         152.920    12.1
 NxN QSTab Elec. + LJ [V&F]               8.661240         511.013    40.5
 NxN QSTab Elec. [V&F]                    8.596344         352.450    27.9
 Calc Weights                             0.275760           9.927     0.8
 Spread Q Bspline                         5.882880          11.766     0.9
 Gather F Bspline                         5.882880          35.297     2.8
 3D-FFT                                  19.177200         153.418    12.1
 Solve PME                                0.183040          11.715     0.9
 Reset In Box                             0.091920           0.276     0.0
 CG-CoM                                   0.105708           0.317     0.0
 Virial                                   0.106320           1.914     0.2
 Settle                                   0.068315          22.066     1.7
-----------------------------------------------------------------------------
 Total                                                    1263.078   100.0
-----------------------------------------------------------------------------


    D O M A I N   D E C O M P O S I T I O N   S T A T I S T I C S

 av. #atoms communicated per step for force:  2 x 5972.5
 av. #atoms communicated per step for LINCS:  2 x 540.6


     R E A L   C Y C L E   A N D   T I M E   A C C O U N T I N G

On 16 MPI ranks

 Computing:          Num   Num      Call    Wall time         Giga-Cycles
                     Ranks Threads  Count      (s)         total sum    %
-----------------------------------------------------------------------------
 Domain decomp.        16    1         22       0.035          3.321  11.0
 DD comm. load         16    1          1       0.000          0.001   0.0
 Neighbor search       16    1         20       0.008          0.723   2.4
 Force                 16    1         20       0.005          0.470   1.6
 Wait + Comm. F        16    1         20       0.006          0.544   1.8
 PME mesh              16    1         20       0.077          7.238  24.0
 NB X/F buffer ops.    16    1         20       0.000          0.004   0.0
 Constraints           16    1         39       0.003          0.315   1.0
 Comm. energies        16    1         20       0.024          2.266   7.5
 Rest                                           0.163         15.285  50.7
-----------------------------------------------------------------------------
 Total                                          0.322         30.167 100.0
-----------------------------------------------------------------------------
 Breakdown of PME mesh computation
-----------------------------------------------------------------------------
 PME redist. X/F       16    1         40       0.031          2.880   9.5
 PME spread/gather     16    1         40       0.023          2.178   7.2
 PME 3D-FFT            16    1         40       0.001          0.078   0.3
 PME 3D-FFT Comm.      16    1         80       0.022          2.059   6.8
 PME solve Elec        16    1         20       0.000          0.040   0.1
-----------------------------------------------------------------------------

NOTE: 11 % of the run time was spent in domain decomposition,
      2 % of the run time was spent in pair search,
      you might want to increase nstlist (this has no effect on accuracy)


NOTE: 8 % of the run time was spent communicating energies,
      you might want to use the -gcom option of mdrun


               Core t (s)   Wall t (s)        (%)
       Time:        4.490        0.322     1393.4
               (steps/hour)
Performance:       223463.8
Finished mdrun on rank 0 Wed Jun 29 17:43:39 2016
