ModuleCmd_Load.c(204):ERROR:105: Unable to locate a modulefile for 'slurm'
GROMACS:    gmx mdrun, VERSION 5.0.4

GROMACS is written by:
Emile Apol         Rossen Apostolov   Herman J.C. Berendsen Par Bjelkmar       
Aldert van Buuren  Rudi van Drunen    Anton Feenstra     Sebastian Fritsch  
Gerrit Groenhof    Christoph Junghans Peter Kasson       Carsten Kutzner    
Per Larsson        Justin A. Lemkul   Magnus Lundborg    Pieter Meulenhoff  
Erik Marklund      Teemu Murtola      Szilard Pall       Sander Pronk       
Roland Schulz      Alexey Shvetsov    Michael Shirts     Alfons Sijbers     
Peter Tieleman     Christian Wennberg Maarten Wolf       
and the project leaders:
Mark Abraham, Berk Hess, Erik Lindahl, and David van der Spoel

Copyright (c) 1991-2000, University of Groningen, The Netherlands.
Copyright (c) 2001-2014, The GROMACS development team at
Uppsala University, Stockholm University and
the Royal Institute of Technology, Sweden.
check out http://www.gromacs.org for more information.

GROMACS is free software; you can redistribute it and/or modify it
under the terms of the GNU Lesser General Public License
as published by the Free Software Foundation; either version 2.1
of the License, or (at your option) any later version.

GROMACS:      gmx mdrun, VERSION 5.0.4
Executable:   /net/opt/gromacs/non-mpi/5.0.4/bin/gmx
Library dir:  /net/opt/gromacs/non-mpi/5.0.4/share/gromacs/top
Command line:
  gmx mdrun -deffnm NPT_water

Reading file NPT_water.tpr, VERSION 5.0.4 (single precision)
Using 1 MPI thread
Using 8 OpenMP threads 
starting mdrun 'SAM and water slab'
2500000 steps,   5000.0 ps.

Writing final coordinates.

               Core t (s)   Wall t (s)        (%)
       Time:    18263.534     2289.410      797.7
                         38:09
                 (ns/day)    (hour/ns)
Performance:      188.695        0.127

gcq#273: "In the Meantime, Take Care of Yourself aaand Eachother" (J. Springer)

