This is pdfTeX, Version 3.14159265-2.6-1.40.16 (TeX Live 2015) (preloaded format=pdflatex 2015.11.14)  19 APR 2017 12:54
entering extended mode
 restricted \write18 enabled.
 file:line:error style messages enabled.
 %&-line parsing enabled.
**plots_together.tex
(./plots_together.tex
LaTeX2e <2015/01/01>
Babel <3.9l> and hyphenation patterns for 79 languages loaded.
(/usr/local/texlive/2015/texmf-dist/tex/latex/base/report.cls
Document Class: report 2014/09/29 v1.4h Standard LaTeX document class
(/usr/local/texlive/2015/texmf-dist/tex/latex/base/size10.clo
File: size10.clo 2014/09/29 v1.4h Standard LaTeX file (size option)
)
\c@part=\count79
\c@chapter=\count80
\c@section=\count81
\c@subsection=\count82
\c@subsubsection=\count83
\c@paragraph=\count84
\c@subparagraph=\count85
\c@figure=\count86
\c@table=\count87
\abovecaptionskip=\skip41
\belowcaptionskip=\skip42
\bibindent=\dimen102
)
(/usr/local/texlive/2015/texmf-dist/tex/latex/bold-extra/bold-extra.sty
Package: bold-extra 2001/11/13 v0.1 Use fonts from cm/mf-extra/bold
)
(/usr/local/texlive/2015/texmf-dist/tex/latex/base/inputenc.sty
Package: inputenc 2015/03/17 v1.2c Input encoding file
\inpenc@prehook=\toks14
\inpenc@posthook=\toks15

(/usr/local/texlive/2015/texmf-dist/tex/latex/ucs/utf8x.def
File: utf8x.def 2004/10/17 UCS: Input encoding UTF-8
))
(/usr/local/texlive/2015/texmf-dist/tex/latex/ucs/ucs.sty
Package: ucs 2013/05/11 v2.2 UCS: Unicode input support

(/usr/local/texlive/2015/texmf-dist/tex/latex/ucs/data/uni-global.def
File: uni-global.def 2013/05/13 UCS: Unicode global data
)
\uc@secondtry=\count88
\uc@combtoks=\toks16
\uc@combtoksb=\toks17
\uc@temptokena=\toks18
)
(/usr/local/texlive/2015/texmf-dist/tex/latex/preprint/fullpage.sty
Package: fullpage 1999/02/23 1.1 (PWD)
\FP@margin=\skip43
)
(/usr/local/texlive/2015/texmf-dist/tex/latex/graphics/graphicx.sty
Package: graphicx 2014/10/28 v1.0g Enhanced LaTeX Graphics (DPC,SPQR)

(/usr/local/texlive/2015/texmf-dist/tex/latex/graphics/keyval.sty
Package: keyval 2014/10/28 v1.15 key=value parser (DPC)
\KV@toks@=\toks19
)
(/usr/local/texlive/2015/texmf-dist/tex/latex/graphics/graphics.sty
Package: graphics 2014/10/28 v1.0p Standard LaTeX Graphics (DPC,SPQR)

(/usr/local/texlive/2015/texmf-dist/tex/latex/graphics/trig.sty
Package: trig 1999/03/16 v1.09 sin cos tan (DPC)
)
(/usr/local/texlive/2015/texmf-dist/tex/latex/latexconfig/graphics.cfg
File: graphics.cfg 2010/04/23 v1.9 graphics configuration of TeX Live
)
Package graphics Info: Driver file: pdftex.def on input line 94.

(/usr/local/texlive/2015/texmf-dist/tex/latex/pdftex-def/pdftex.def
File: pdftex.def 2011/05/27 v0.06d Graphics/color for pdfTeX

(/usr/local/texlive/2015/texmf-dist/tex/generic/oberdiek/infwarerr.sty
Package: infwarerr 2010/04/08 v1.3 Providing info/warning/error messages (HO)
)
(/usr/local/texlive/2015/texmf-dist/tex/generic/oberdiek/ltxcmds.sty
Package: ltxcmds 2011/11/09 v1.22 LaTeX kernel commands for general use (HO)
)
\Gread@gobject=\count89
))
\Gin@req@height=\dimen103
\Gin@req@width=\dimen104
)
(/usr/local/texlive/2015/texmf-dist/tex/latex/subfig/subfig.sty
Package: subfig 2005/06/28 ver: 1.3 subfig package

(/usr/local/texlive/2015/texmf-dist/tex/latex/caption/caption.sty
Package: caption 2013/05/02 v3.3-89 Customizing captions (AR)

(/usr/local/texlive/2015/texmf-dist/tex/latex/caption/caption3.sty
Package: caption3 2013/05/02 v1.6-88 caption3 kernel (AR)
Package caption3 Info: TeX engine: e-TeX on input line 57.
\captionmargin=\dimen105
\captionmargin@=\dimen106
\captionwidth=\dimen107
\caption@tempdima=\dimen108
\caption@indent=\dimen109
\caption@parindent=\dimen110
\caption@hangindent=\dimen111
)
\c@ContinuedFloat=\count90
)
\c@KVtest=\count91
\sf@farskip=\skip44
\sf@captopadj=\dimen112
\sf@capskip=\skip45
\sf@nearskip=\skip46
\c@subfigure=\count92
\c@subfigure@save=\count93
\c@lofdepth=\count94
\c@subtable=\count95
\c@subtable@save=\count96
\c@lotdepth=\count97
\sf@top=\skip47
\sf@bottom=\skip48
)
(/usr/local/texlive/2015/texmf-dist/tex/latex/amsmath/amsmath.sty
Package: amsmath 2013/01/14 v2.14 AMS math features
\@mathmargin=\skip49

For additional information on amsmath, use the `?' option.
(/usr/local/texlive/2015/texmf-dist/tex/latex/amsmath/amstext.sty
Package: amstext 2000/06/29 v2.01

(/usr/local/texlive/2015/texmf-dist/tex/latex/amsmath/amsgen.sty
File: amsgen.sty 1999/11/30 v2.0
\@emptytoks=\toks20
\ex@=\dimen113
))
(/usr/local/texlive/2015/texmf-dist/tex/latex/amsmath/amsbsy.sty
Package: amsbsy 1999/11/29 v1.2d
\pmbraise@=\dimen114
)
(/usr/local/texlive/2015/texmf-dist/tex/latex/amsmath/amsopn.sty
Package: amsopn 1999/12/14 v2.01 operator names
)
\inf@bad=\count98
LaTeX Info: Redefining \frac on input line 210.
\uproot@=\count99
\leftroot@=\count100
LaTeX Info: Redefining \overline on input line 306.
\classnum@=\count101
\DOTSCASE@=\count102
LaTeX Info: Redefining \ldots on input line 378.
LaTeX Info: Redefining \dots on input line 381.
LaTeX Info: Redefining \cdots on input line 466.
\Mathstrutbox@=\box26
\strutbox@=\box27
\big@size=\dimen115
LaTeX Font Info:    Redeclaring font encoding OML on input line 566.
LaTeX Font Info:    Redeclaring font encoding OMS on input line 567.
\macc@depth=\count103
\c@MaxMatrixCols=\count104
\dotsspace@=\muskip10
\c@parentequation=\count105
\dspbrk@lvl=\count106
\tag@help=\toks21
\row@=\count107
\column@=\count108
\maxfields@=\count109
\andhelp@=\toks22
\eqnshift@=\dimen116
\alignsep@=\dimen117
\tagshift@=\dimen118
\tagwidth@=\dimen119
\totwidth@=\dimen120
\lineht@=\dimen121
\@envbody=\toks23
\multlinegap=\skip50
\multlinetaggap=\skip51
\mathdisplay@stack=\toks24
LaTeX Info: Redefining \[ on input line 2665.
LaTeX Info: Redefining \] on input line 2666.
)
(./plots_together.aux)
\openout1 = `plots_together.aux'.

LaTeX Font Info:    Checking defaults for OML/cmm/m/it on input line 20.
LaTeX Font Info:    ... okay on input line 20.
LaTeX Font Info:    Checking defaults for T1/cmr/m/n on input line 20.
LaTeX Font Info:    ... okay on input line 20.
LaTeX Font Info:    Checking defaults for OT1/cmr/m/n on input line 20.
LaTeX Font Info:    ... okay on input line 20.
LaTeX Font Info:    Checking defaults for OMS/cmsy/m/n on input line 20.
LaTeX Font Info:    ... okay on input line 20.
LaTeX Font Info:    Checking defaults for OMX/cmex/m/n on input line 20.
LaTeX Font Info:    ... okay on input line 20.
LaTeX Font Info:    Checking defaults for U/cmr/m/n on input line 20.
LaTeX Font Info:    ... okay on input line 20.

(/usr/local/texlive/2015/texmf-dist/tex/latex/ucs/ucsencs.def
File: ucsencs.def 2011/01/21 Fixes to fontencodings LGR, T3
)
(/usr/local/texlive/2015/texmf-dist/tex/context/base/supp-pdf.mkii
[Loading MPS to PDF converter (version 2006.09.02).]
\scratchcounter=\count110
\scratchdimen=\dimen122
\scratchbox=\box28
\nofMPsegments=\count111
\nofMParguments=\count112
\everyMPshowfont=\toks25
\MPscratchCnt=\count113
\MPscratchDim=\dimen123
\MPnumerator=\count114
\makeMPintoPDFobject=\count115
\everyMPtoPDFconversion=\toks26
) (/usr/local/texlive/2015/texmf-dist/tex/generic/oberdiek/pdftexcmds.sty
Package: pdftexcmds 2011/11/29 v0.20 Utility functions of pdfTeX for LuaTeX (HO
)

(/usr/local/texlive/2015/texmf-dist/tex/generic/oberdiek/ifluatex.sty
Package: ifluatex 2010/03/01 v1.3 Provides the ifluatex switch (HO)
Package ifluatex Info: LuaTeX not detected.
)
(/usr/local/texlive/2015/texmf-dist/tex/generic/oberdiek/ifpdf.sty
Package: ifpdf 2011/01/30 v2.3 Provides the ifpdf switch (HO)
Package ifpdf Info: pdfTeX in PDF mode is detected.
)
Package pdftexcmds Info: LuaTeX not detected.
Package pdftexcmds Info: \pdf@primitive is available.
Package pdftexcmds Info: \pdf@ifprimitive is available.
Package pdftexcmds Info: \pdfdraftmode found.
)
(/usr/local/texlive/2015/texmf-dist/tex/latex/oberdiek/epstopdf-base.sty
Package: epstopdf-base 2010/02/09 v2.5 Base part for package epstopdf

(/usr/local/texlive/2015/texmf-dist/tex/latex/oberdiek/grfext.sty
Package: grfext 2010/08/19 v1.1 Manage graphics extensions (HO)

(/usr/local/texlive/2015/texmf-dist/tex/generic/oberdiek/kvdefinekeys.sty
Package: kvdefinekeys 2011/04/07 v1.3 Define keys (HO)
))
(/usr/local/texlive/2015/texmf-dist/tex/latex/oberdiek/kvoptions.sty
Package: kvoptions 2011/06/30 v3.11 Key value format for package options (HO)

(/usr/local/texlive/2015/texmf-dist/tex/generic/oberdiek/kvsetkeys.sty
Package: kvsetkeys 2012/04/25 v1.16 Key value parser (HO)

(/usr/local/texlive/2015/texmf-dist/tex/generic/oberdiek/etexcmds.sty
Package: etexcmds 2011/02/16 v1.5 Avoid name clashes with e-TeX commands (HO)
Package etexcmds Info: Could not find \expanded.
(etexcmds)             That can mean that you are not using pdfTeX 1.50 or
(etexcmds)             that some package has redefined \expanded.
(etexcmds)             In the latter case, load this package earlier.
)))
Package grfext Info: Graphics extension search list:
(grfext)             [.png,.pdf,.jpg,.mps,.jpeg,.jbig2,.jb2,.PNG,.PDF,.JPG,.JPE
G,.JBIG2,.JB2,.eps]
(grfext)             \AppendGraphicsExtensions on input line 452.

(/usr/local/texlive/2015/texmf-dist/tex/latex/latexconfig/epstopdf-sys.cfg
File: epstopdf-sys.cfg 2010/07/13 v1.3 Configuration of (r)epstopdf for TeX Liv
e
))
Package caption Info: Begin \AtBeginDocument code.
Package caption Info: subfig package v1.3 is loaded.
Package caption Info: End \AtBeginDocument code.

<0pc_planar.png, id=1, 513.92pt x 513.92pt>
File: 0pc_planar.png Graphic file (type png)
 <use 0pc_planar.png>
Package pdftex.def Info: 0pc_planar.png used on input line 30.
(pdftex.def)             Requested size: 270.30118pt x 270.30606pt.

<11pc_planar.png, id=2, 513.92pt x 513.92pt>
File: 11pc_planar.png Graphic file (type png)
 <use 11pc_planar.png>
Package pdftex.def Info: 11pc_planar.png used on input line 33.
(pdftex.def)             Requested size: 270.30118pt x 270.30606pt.

<22pc_planar.png, id=3, 513.92pt x 513.92pt>
File: 22pc_planar.png Graphic file (type png)
 <use 22pc_planar.png>
Package pdftex.def Info: 22pc_planar.png used on input line 37.
(pdftex.def)             Requested size: 270.30118pt x 270.30606pt.

<33pc_planar.png, id=4, 513.92pt x 513.92pt>
File: 33pc_planar.png Graphic file (type png)
 <use 33pc_planar.png>
Package pdftex.def Info: 33pc_planar.png used on input line 40.
(pdftex.def)             Requested size: 270.30118pt x 270.30606pt.

<37pc_planar.png, id=5, 513.92pt x 513.92pt>
File: 37pc_planar.png Graphic file (type png)
 <use 37pc_planar.png>
Package pdftex.def Info: 37pc_planar.png used on input line 44.
(pdftex.def)             Requested size: 270.30118pt x 270.30606pt.

<44pc_planar.png, id=6, 513.92pt x 513.92pt>
File: 44pc_planar.png Graphic file (type png)
 <use 44pc_planar.png>
Package pdftex.def Info: 44pc_planar.png used on input line 47.
(pdftex.def)             Requested size: 270.30118pt x 270.30606pt.

Overfull \hbox (41.78604pt too wide) in paragraph at lines 30--48
[][][] 
 []


Overfull \hbox (41.78604pt too wide) in paragraph at lines 30--48
[][] 
 []


Overfull \hbox (41.78604pt too wide) in paragraph at lines 30--48
[][] 
 []


LaTeX Warning: Float too large for page by 113.22958pt on input line 48.

<s0_bulk_interval.pdf, id=7, 361.35pt x 245.91875pt>
File: s0_bulk_interval.pdf Graphic file (type pdf)

<use s0_bulk_interval.pdf>
Package pdftex.def Info: s0_bulk_interval.pdf used on input line 54.
(pdftex.def)             Requested size: 270.30118pt x 183.95453pt.

<s11_bulk_interval.pdf, id=8, 361.35pt x 245.91875pt>
File: s11_bulk_interval.pdf Graphic file (type pdf)

<use s11_bulk_interval.pdf>
Package pdftex.def Info: s11_bulk_interval.pdf used on input line 57.
(pdftex.def)             Requested size: 270.30118pt x 183.95453pt.

<s22_bulk_interval.pdf, id=9, 361.35pt x 245.91875pt>
File: s22_bulk_interval.pdf Graphic file (type pdf)

<use s22_bulk_interval.pdf>
Package pdftex.def Info: s22_bulk_interval.pdf used on input line 61.
(pdftex.def)             Requested size: 270.30118pt x 183.95453pt.

<s33_bulk_interval.pdf, id=10, 361.35pt x 245.91875pt>
File: s33_bulk_interval.pdf Graphic file (type pdf)

<use s33_bulk_interval.pdf>
Package pdftex.def Info: s33_bulk_interval.pdf used on input line 64.
(pdftex.def)             Requested size: 270.30118pt x 183.95453pt.

<s37_bulk_interval.pdf, id=11, 361.35pt x 245.91875pt>
File: s37_bulk_interval.pdf Graphic file (type pdf)

<use s37_bulk_interval.pdf>
Package pdftex.def Info: s37_bulk_interval.pdf used on input line 68.
(pdftex.def)             Requested size: 270.30118pt x 183.95453pt.

<s44_bulk_interval.pdf, id=12, 361.35pt x 245.91875pt>
File: s44_bulk_interval.pdf Graphic file (type pdf)

<use s44_bulk_interval.pdf>
Package pdftex.def Info: s44_bulk_interval.pdf used on input line 71.
(pdftex.def)             Requested size: 270.30118pt x 183.95453pt.

Overfull \hbox (41.78604pt too wide) in paragraph at lines 54--72
[][][] 
 []


Overfull \hbox (41.78604pt too wide) in paragraph at lines 54--72
[][] 
 []


Overfull \hbox (41.78604pt too wide) in paragraph at lines 54--72
[][] 
 []

<s0_all.pdf, id=13, 361.35pt x 245.91875pt>
File: s0_all.pdf Graphic file (type pdf)
 <use s0_all.pdf>
Package pdftex.def Info: s0_all.pdf used on input line 78.
(pdftex.def)             Requested size: 270.30118pt x 183.95453pt.

<s11_all.pdf, id=14, 361.35pt x 245.91875pt>
File: s11_all.pdf Graphic file (type pdf)
 <use s11_all.pdf>
Package pdftex.def Info: s11_all.pdf used on input line 81.
(pdftex.def)             Requested size: 270.30118pt x 183.95453pt.

<s22_all.pdf, id=15, 361.35pt x 245.91875pt>
File: s22_all.pdf Graphic file (type pdf)
 <use s22_all.pdf>
Package pdftex.def Info: s22_all.pdf used on input line 85.
(pdftex.def)             Requested size: 270.30118pt x 183.95453pt.

<s33_all.pdf, id=16, 361.35pt x 245.91875pt>
File: s33_all.pdf Graphic file (type pdf)
 <use s33_all.pdf>
Package pdftex.def Info: s33_all.pdf used on input line 88.
(pdftex.def)             Requested size: 270.30118pt x 183.95453pt.

<s37_all.pdf, id=17, 361.35pt x 245.91875pt>
File: s37_all.pdf Graphic file (type pdf)
 <use s37_all.pdf>
Package pdftex.def Info: s37_all.pdf used on input line 93.
(pdftex.def)             Requested size: 270.30118pt x 183.95453pt.

<s44_all.pdf, id=18, 361.35pt x 245.91875pt>
File: s44_all.pdf Graphic file (type pdf)
 <use s44_all.pdf>
Package pdftex.def Info: s44_all.pdf used on input line 96.
(pdftex.def)             Requested size: 270.30118pt x 183.95453pt.

Overfull \hbox (41.78604pt too wide) in paragraph at lines 78--97
[][][] 
 []


Overfull \hbox (41.78604pt too wide) in paragraph at lines 78--97
[][] 
 []


Overfull \hbox (41.78604pt too wide) in paragraph at lines 78--97
[][] 
 []

[1{/usr/local/texlive/2015/texmf-var/fonts/map/pdftex/updmap/pdftex.map} <./0pc
_planar.png> <./11pc_planar.png> <./22pc_planar.png> <./33pc_planar.png> <./37p
c_planar.png> <./44pc_planar.png>] [2 <./s0_bulk_interval.pdf> <./s11_bulk_inte
rval.pdf

pdfTeX warning: /Library/TeX/texbin/pdflatex (file ./s11_bulk_interval.pdf): PD
F inclusion: multiple pdfs with page group included in a single page
> <./s22_bulk_interval.pdf

pdfTeX warning: /Library/TeX/texbin/pdflatex (file ./s22_bulk_interval.pdf): PD
F inclusion: multiple pdfs with page group included in a single page
> <./s33_bulk_interval.pdf

pdfTeX warning: /Library/TeX/texbin/pdflatex (file ./s33_bulk_interval.pdf): PD
F inclusion: multiple pdfs with page group included in a single page
> <./s37_bulk_interval.pdf

pdfTeX warning: /Library/TeX/texbin/pdflatex (file ./s37_bulk_interval.pdf): PD
F inclusion: multiple pdfs with page group included in a single page
> <./s44_bulk_interval.pdf

pdfTeX warning: /Library/TeX/texbin/pdflatex (file ./s44_bulk_interval.pdf): PD
F inclusion: multiple pdfs with page group included in a single page
>] [3 <./s0_all.pdf> <./s11_all.pdf

pdfTeX warning: /Library/TeX/texbin/pdflatex (file ./s11_all.pdf): PDF inclusio
n: multiple pdfs with page group included in a single page
> <./s22_all.pdf

pdfTeX warning: /Library/TeX/texbin/pdflatex (file ./s22_all.pdf): PDF inclusio
n: multiple pdfs with page group included in a single page
> <./s33_all.pdf

pdfTeX warning: /Library/TeX/texbin/pdflatex (file ./s33_all.pdf): PDF inclusio
n: multiple pdfs with page group included in a single page
> <./s37_all.pdf

pdfTeX warning: /Library/TeX/texbin/pdflatex (file ./s37_all.pdf): PDF inclusio
n: multiple pdfs with page group included in a single page
> <./s44_all.pdf

pdfTeX warning: /Library/TeX/texbin/pdflatex (file ./s44_all.pdf): PDF inclusio
n: multiple pdfs with page group included in a single page
>] (./plots_together.aux) ) 
Here is how much of TeX's memory you used:
 3650 strings out of 493089
 57201 string characters out of 6134841
 127931 words of memory out of 5000000
 7087 multiletter control sequences out of 15000+600000
 3640 words of font info for 14 fonts, out of 8000000 for 9000
 1141 hyphenation exceptions out of 8191
 44i,6n,42p,314b,324s stack positions out of 5000i,500n,10000p,200000b,80000s
</usr/local/texlive/2015/texmf-dist/fonts/type1/publ
ic/amsfonts/cm/cmr10.pfb>
Output written on plots_together.pdf (3 pages, 1784496 bytes).
PDF statistics:
 569 PDF objects out of 1000 (max. 8388607)
 373 compressed objects within 4 object streams
 0 named destinations out of 1000 (max. 500000)
 91 words of extra memory for PDF output out of 10000 (max. 10000000)

